c:\users\nicov\vsc_proyects\riscv_simulator\build\riscv-sim.dir\debug\vc145.pdb
c:\users\nicov\vsc_proyects\riscv_simulator\build\riscv-sim.dir\debug\cpu.obj
c:\users\nicov\vsc_proyects\riscv_simulator\build\riscv-sim.dir\debug\main.obj
c:\users\nicov\vsc_proyects\riscv_simulator\build\riscv-sim.dir\debug\memory.obj
c:\users\nicov\vsc_proyects\riscv_simulator\build\riscv-sim.dir\debug\instruction.obj
c:\users\nicov\vsc_proyects\riscv_simulator\build\riscv-sim.dir\debug\simulator.obj
c:\users\nicov\vsc_proyects\riscv_simulator\build\cmakefiles\generate.stamp
c:\users\nicov\vsc_proyects\riscv_simulator\build\debug\riscv-sim.exe
c:\users\nicov\vsc_proyects\riscv_simulator\build\debug\riscv-sim.pdb
c:\users\nicov\vsc_proyects\riscv_simulator\build\riscv-sim.dir\debug\riscv-sim.ilk
c:\users\nicov\vsc_proyects\riscv_simulator\build\riscv-sim.dir\debug\riscv-sim.tlog\cl.command.1.tlog
c:\users\nicov\vsc_proyects\riscv_simulator\build\riscv-sim.dir\debug\riscv-sim.tlog\cl.items.tlog
c:\users\nicov\vsc_proyects\riscv_simulator\build\riscv-sim.dir\debug\riscv-sim.tlog\cl.read.1.tlog
c:\users\nicov\vsc_proyects\riscv_simulator\build\riscv-sim.dir\debug\riscv-sim.tlog\cl.write.1.tlog
c:\users\nicov\vsc_proyects\riscv_simulator\build\riscv-sim.dir\debug\riscv-sim.tlog\custombuild.command.1.tlog
c:\users\nicov\vsc_proyects\riscv_simulator\build\riscv-sim.dir\debug\riscv-sim.tlog\custombuild.read.1.tlog
c:\users\nicov\vsc_proyects\riscv_simulator\build\riscv-sim.dir\debug\riscv-sim.tlog\custombuild.write.1.tlog
c:\users\nicov\vsc_proyects\riscv_simulator\build\riscv-sim.dir\debug\riscv-sim.tlog\link.command.1.tlog
c:\users\nicov\vsc_proyects\riscv_simulator\build\riscv-sim.dir\debug\riscv-sim.tlog\link.read.1.tlog
c:\users\nicov\vsc_proyects\riscv_simulator\build\riscv-sim.dir\debug\riscv-sim.tlog\link.secondary.1.tlog
c:\users\nicov\vsc_proyects\riscv_simulator\build\riscv-sim.dir\debug\riscv-sim.tlog\link.write.1.tlog
